<?xml version="1.0" encoding="UTF-8"?>
<!-- Generated by org.testng.reporters.JUnitReportReporter -->
<testsuite hostname="SPMUMLAP-0060" failures="0" tests="23" name="com.test.AllScenarios_EG_TC" time="139.099" errors="0" timestamp="2025-03-14T16:51:26 IST" skipped="0">
  <testcase classname="com.test.AllScenarios_EG_TC" name="RUNALL" time="0.002"/>
  <system-out/>
  <testcase classname="com.test.AllScenarios_EG_TC" name="RUNALL" time="0.001"/>
  <system-out/>
  <testcase classname="com.test.AllScenarios_EG_TC" name="RUNALL" time="0.001"/>
  <system-out/>
  <testcase classname="com.test.AllScenarios_EG_TC" name="RUNALL" time="0.001"/>
  <system-out/>
  <testcase classname="com.test.AllScenarios_EG_TC" name="RUNALL" time="0.002"/>
  <system-out/>
  <testcase classname="com.test.AllScenarios_EG_TC" name="RUNALL" time="0.001"/>
  <system-out/>
  <testcase classname="com.test.AllScenarios_EG_TC" name="RUNALL" time="0.001"/>
  <system-out/>
  <testcase classname="com.test.AllScenarios_EG_TC" name="RUNALL" time="0.000"/>
  <system-out/>
  <testcase classname="com.test.AllScenarios_EG_TC" name="RUNALL" time="0.002"/>
  <system-out/>
  <testcase classname="com.test.AllScenarios_EG_TC" name="RUNALL" time="139.044"/>
  <system-out/>
  <testcase classname="com.test.AllScenarios_EG_TC" name="RUNALL" time="0.008"/>
  <system-out/>
  <testcase classname="com.test.AllScenarios_EG_TC" name="RUNALL" time="0.014"/>
  <system-out/>
  <testcase classname="com.test.AllScenarios_EG_TC" name="RUNALL" time="0.001"/>
  <system-out/>
  <testcase classname="com.test.AllScenarios_EG_TC" name="RUNALL" time="0.002"/>
  <system-out/>
  <testcase classname="com.test.AllScenarios_EG_TC" name="RUNALL" time="0.002"/>
  <system-out/>
  <testcase classname="com.test.AllScenarios_EG_TC" name="RUNALL" time="0.002"/>
  <system-out/>
  <testcase classname="com.test.AllScenarios_EG_TC" name="RUNALL" time="0.001"/>
  <system-out/>
  <testcase classname="com.test.AllScenarios_EG_TC" name="RUNALL" time="0.001"/>
  <system-out/>
  <testcase classname="com.test.AllScenarios_EG_TC" name="RUNALL" time="0.002"/>
  <system-out/>
  <testcase classname="com.test.AllScenarios_EG_TC" name="RUNALL" time="0.002"/>
  <system-out/>
  <testcase classname="com.test.AllScenarios_EG_TC" name="RUNALL" time="0.002"/>
  <system-out/>
  <testcase classname="com.test.AllScenarios_EG_TC" name="RUNALL" time="0.005"/>
  <system-out/>
  <testcase classname="com.test.AllScenarios_EG_TC" name="RUNALL" time="0.002"/>
  <system-out/>
</testsuite> <!-- com.test.AllScenarios_EG_TC -->
